<?xml version="1.0" encoding="UTF-8"?>
<!-- Generated by org.testng.reporters.JUnitXMLReporter -->
<testsuite ignored="0" hostname="DESKTOP-NQO6M38" failures="0" tests="4" name="Default test" time="14.63" errors="0" timestamp="2026-03-28T20:21:13 IST">
  <testcase classname="api.test.UserTests" name="testPostUser" time="5.398"/>
  <testcase classname="api.test.UserTests" name="testGetUser" time="2.539"/>
  <testcase classname="api.test.UserTests" name="testUpdateUser" time="3.058"/>
  <testcase classname="api.test.UserTests" name="testDeleteUser" time="2.65"/>
</testsuite> <!-- Default test -->
