<?xml version="1.0" encoding="UTF-8"?>
<!-- Generated by org.testng.reporters.JUnitXMLReporter -->
<testsuite ignored="0" hostname="DESKTOP-NQO6M38" failures="0" tests="4" name="PetTest" time="10.75" errors="0" timestamp="2026-03-28T22:47:20 IST">
  <testcase classname="api.test.UserTests2" name="testPostUser" time="4.352"/>
  <testcase classname="api.test.UserTests2" name="testGetUser" time="2.723"/>
  <testcase classname="api.test.UserTests2" name="testUpdateUser" time="1.548"/>
  <testcase classname="api.test.UserTests2" name="testDeleteUser" time="1.498"/>
</testsuite> <!-- PetTest -->
