<?xml version="1.0" encoding="UTF-8"?>
<!-- Generated by org.testng.reporters.JUnitReportReporter -->
<testsuite hostname="DESKTOP-NQO6M38" failures="0" tests="4" name="api.test.UserTests2" time="15.138" errors="0" timestamp="2026-03-28T22:37:42 IST" skipped="0">
  <testcase classname="api.test.UserTests2" name="testPostUser" time="6.118"/>
  <testcase classname="api.test.UserTests2" name="testGetUser" time="2.861"/>
  <testcase classname="api.test.UserTests2" name="testUpdateUser" time="3.309"/>
  <testcase classname="api.test.UserTests2" name="testDeleteUser" time="2.850"/>
</testsuite> <!-- api.test.UserTests2 -->
