<?xml version="1.0" encoding="UTF-8"?>
<!-- Generated by org.testng.reporters.JUnitReportReporter -->
<testsuite hostname="DESKTOP-NQO6M38" failures="0" tests="6" name="api.test.DDTests" time="17.933" errors="0" timestamp="2026-03-28T19:39:28 IST" skipped="0">
  <testcase classname="api.test.DDTests" name="testPostUser" time="2.364"/>
  <testcase classname="api.test.DDTests" name="testPostUser" time="2.510"/>
  <testcase classname="api.test.DDTests" name="testPostUser" time="5.480"/>
  <testcase classname="api.test.DDTests" name="testDeleteUser" time="2.660"/>
  <testcase classname="api.test.DDTests" name="testDeleteUser" time="2.867"/>
  <testcase classname="api.test.DDTests" name="testDeleteUser" time="2.052"/>
</testsuite> <!-- api.test.DDTests -->
